<?xml version="1.0" encoding="UTF-8" ?>
<testsuite tests="2" failures="0" name="com.mycompany.app.AppTest" time="0.223" errors="0" skipped="0">
  <properties>
    <property name="idea.version" value="2021.2.3"/>
    <property name="java.runtime.name" value="Java(TM) SE Runtime Environment"/>
    <property name="sun.boot.library.path" value="/usr/lib/jvm/jdk1.8.0_311/jre/lib/amd64"/>
    <property name="java.vm.version" value="25.311-b11"/>
    <property name="java.vm.vendor" value="Oracle Corporation"/>
    <property name="maven.multiModuleProjectDirectory" value="/home/sebastien/Bureau/EPSI/211208JavaJenkins2/MavenDemo"/>
    <property name="java.vendor.url" value="http://java.oracle.com/"/>
    <property name="path.separator" value=":"/>
    <property name="guice.disable.misplaced.annotation.check" value="true"/>
    <property name="java.vm.name" value="Java HotSpot(TM) 64-Bit Server VM"/>
    <property name="file.encoding.pkg" value="sun.io"/>
    <property name="user.country" value="FR"/>
    <property name="sun.java.launcher" value="SUN_STANDARD"/>
    <property name="sun.os.patch.level" value="unknown"/>
    <property name="java.vm.specification.name" value="Java Virtual Machine Specification"/>
    <property name="user.dir" value="/home/sebastien/Bureau/EPSI/211208JavaJenkins2/MavenDemo"/>
    <property name="java.runtime.version" value="1.8.0_311-b11"/>
    <property name="java.awt.graphicsenv" value="sun.awt.X11GraphicsEnvironment"/>
    <property name="java.endorsed.dirs" value="/usr/lib/jvm/jdk1.8.0_311/jre/lib/endorsed"/>
    <property name="os.arch" value="amd64"/>
    <property name="java.io.tmpdir" value="/tmp"/>
    <property name="line.separator" value="
"/>
    <property name="java.vm.specification.vendor" value="Oracle Corporation"/>
    <property name="os.name" value="Linux"/>
    <property name="net.sourceforge.cobertura.datafile" value="/home/sebastien/Bureau/EPSI/211208JavaJenkins2/MavenDemo/target/cobertura/cobertura.ser"/>
    <property name="maven.ext.class.path" value="/home/sebastien/Bureau/EPSI/211208JavaJenkins2/idea-IC-212.5457.46/plugins/maven/lib/maven-event-listener.jar"/>
    <property name="classworlds.conf" value="/home/sebastien/Bureau/EPSI/211208JavaJenkins2/idea-IC-212.5457.46/plugins/maven/lib/maven3/bin/m2.conf"/>
    <property name="sun.jnu.encoding" value="UTF-8"/>
    <property name="java.library.path" value="/usr/java/packages/lib/amd64:/usr/lib64:/lib64:/lib:/usr/lib"/>
    <property name="maven.conf" value="/home/sebastien/Bureau/EPSI/211208JavaJenkins2/idea-IC-212.5457.46/plugins/maven/lib/maven3/conf"/>
    <property name="java.specification.name" value="Java Platform API Specification"/>
    <property name="java.class.version" value="52.0"/>
    <property name="sun.management.compiler" value="HotSpot 64-Bit Tiered Compilers"/>
    <property name="os.version" value="5.11.0-44-generic"/>
    <property name="user.home" value="/home/sebastien"/>
    <property name="user.timezone" value="Europe/Paris"/>
    <property name="java.awt.printerjob" value="sun.print.PSPrinterJob"/>
    <property name="java.specification.version" value="1.8"/>
    <property name="file.encoding" value="UTF-8"/>
    <property name="user.name" value="sebastien"/>
    <property name="java.class.path" value="/home/sebastien/Bureau/EPSI/211208JavaJenkins2/idea-IC-212.5457.46/plugins/maven/lib/maven3/boot/plexus-classworlds-2.6.0.jar:/home/sebastien/Bureau/EPSI/211208JavaJenkins2/idea-IC-212.5457.46/plugins/maven/lib/maven3/boot/plexus-classworlds.license:/home/sebastien/Bureau/EPSI/211208JavaJenkins2/idea-IC-212.5457.46/lib/idea_rt.jar"/>
    <property name="java.vm.specification.version" value="1.8"/>
    <property name="sun.arch.data.model" value="64"/>
    <property name="java.home" value="/usr/lib/jvm/jdk1.8.0_311/jre"/>
    <property name="sun.java.command" value="org.codehaus.classworlds.Launcher -Didea.version=2021.2.3 clean javadoc:javadoc javadoc:test-javadoc jacoco:prepare-agent install jacoco:report site"/>
    <property name="java.specification.vendor" value="Oracle Corporation"/>
    <property name="user.language" value="fr"/>
    <property name="awt.toolkit" value="sun.awt.X11.XToolkit"/>
    <property name="java.vm.info" value="mixed mode"/>
    <property name="java.version" value="1.8.0_311"/>
    <property name="java.ext.dirs" value="/usr/lib/jvm/jdk1.8.0_311/jre/lib/ext:/usr/java/packages/lib/ext"/>
    <property name="securerandom.source" value="file:/dev/./urandom"/>
    <property name="sun.boot.class.path" value="/usr/lib/jvm/jdk1.8.0_311/jre/lib/resources.jar:/usr/lib/jvm/jdk1.8.0_311/jre/lib/rt.jar:/usr/lib/jvm/jdk1.8.0_311/jre/lib/sunrsasign.jar:/usr/lib/jvm/jdk1.8.0_311/jre/lib/jsse.jar:/usr/lib/jvm/jdk1.8.0_311/jre/lib/jce.jar:/usr/lib/jvm/jdk1.8.0_311/jre/lib/charsets.jar:/usr/lib/jvm/jdk1.8.0_311/jre/lib/jfr.jar:/usr/lib/jvm/jdk1.8.0_311/jre/classes"/>
    <property name="java.vendor" value="Oracle Corporation"/>
    <property name="maven.home" value="/home/sebastien/Bureau/EPSI/211208JavaJenkins2/idea-IC-212.5457.46/plugins/maven/lib/maven3"/>
    <property name="file.separator" value="/"/>
    <property name="java.vendor.url.bug" value="http://bugreport.sun.com/bugreport/"/>
    <property name="sun.cpu.endian" value="little"/>
    <property name="sun.io.unicode.encoding" value="UnicodeLittle"/>
    <property name="project.build.outputDirectory" value="/home/sebastien/Bureau/EPSI/211208JavaJenkins2/MavenDemo/target/generated-classes/cobertura"/>
    <property name="sun.desktop" value="gnome"/>
    <property name="sun.cpu.isalist" value=""/>
  </properties>
  <testcase classname="com.mycompany.app.AppTest" name="testAppMain" time="0.217"/>
  <testcase classname="com.mycompany.app.AppTest" name="testAppConstructor" time="0.006"/>
</testsuite>